17:37:38.170 [main] INFO : api.test.UserTests - ************Creating User***********
17:37:41.652 [main] INFO : api.test.UserTests - ************User is created***********
17:37:41.667 [main] INFO : api.test.UserTests - ************Reading User Info***********
17:37:43.938 [main] INFO : api.test.UserTests - ************User Info is displayed***********
17:37:43.945 [main] INFO : api.test.UserTests - ************Updating User***********
17:37:46.187 [main] INFO : api.test.UserTests - ************User Updated***********
17:37:46.187 [main] INFO : api.test.UserTests - ************ Reading updated User***********
17:37:47.924 [main] INFO : api.test.UserTests - ************Updated User is displayed***********
17:37:47.930 [main] INFO : api.test.UserTests - ************Deleting User***********
17:37:49.464 [main] INFO : api.test.UserTests - ************User deleted***********
17:37:49.464 [main] INFO : api.test.UserTests - ************Reading deleted user***********
17:37:51.310 [main] INFO : api.test.UserTests - ************Deleted User confirmed***********
12:12:38.096 [main] INFO : api.test.UserTests2 - ************Creating User***********
12:12:41.177 [main] INFO : api.test.UserTests2 - ************User is created***********
12:12:41.188 [main] INFO : api.test.UserTests2 - ************Reading User Info***********
12:12:43.317 [main] INFO : api.test.UserTests2 - ************User Info is displayed***********
12:12:43.328 [main] INFO : api.test.UserTests2 - ************Updating User***********
12:12:44.981 [main] INFO : api.test.UserTests2 - ************User Updated***********
12:12:44.981 [main] INFO : api.test.UserTests2 - ************ Reading updated User***********
12:12:46.878 [main] INFO : api.test.UserTests2 - ************Updated User is displayed***********
12:12:46.885 [main] INFO : api.test.UserTests2 - ************Deleting User***********
12:12:48.478 [main] INFO : api.test.UserTests2 - ************User deleted***********
12:12:48.478 [main] INFO : api.test.UserTests2 - ************Reading deleted user***********
12:12:50.035 [main] INFO : api.test.UserTests2 - ************Deleted User confirmed***********
12:37:40.291 [main] INFO : api.test.UserTests - ************Creating User***********
12:37:43.560 [main] INFO : api.test.UserTests - ************User is created***********
12:37:43.562 [main] INFO : api.test.UserTests - ************Reading User Info***********
12:37:45.740 [main] INFO : api.test.UserTests - ************User Info is displayed***********
12:37:45.744 [main] INFO : api.test.UserTests - ************Updating User***********
12:37:47.312 [main] INFO : api.test.UserTests - ************User Updated***********
12:37:47.312 [main] INFO : api.test.UserTests - ************ Reading updated User***********
12:37:48.871 [main] INFO : api.test.UserTests - ************Updated User is displayed***********
12:37:48.874 [main] INFO : api.test.UserTests - ************Deleting User***********
12:37:50.472 [main] INFO : api.test.UserTests - ************User deleted***********
12:37:50.472 [main] INFO : api.test.UserTests - ************Reading deleted user***********
12:37:52.452 [main] INFO : api.test.UserTests - ************Deleted User confirmed***********
13:07:59.218 [main] INFO : api.test.UserTests2 - ************Creating User***********
13:08:02.403 [main] INFO : api.test.UserTests2 - ************User is created***********
13:08:02.412 [main] INFO : api.test.UserTests2 - ************Reading User Info***********
13:08:04.911 [main] INFO : api.test.UserTests2 - ************User Info is displayed***********
13:08:04.916 [main] INFO : api.test.UserTests2 - ************Updating User***********
13:08:06.510 [main] INFO : api.test.UserTests2 - ************User Updated***********
13:08:06.510 [main] INFO : api.test.UserTests2 - ************ Reading updated User***********
13:08:08.074 [main] INFO : api.test.UserTests2 - ************Updated User is displayed***********
13:08:08.077 [main] INFO : api.test.UserTests2 - ************Deleting User***********
13:08:09.584 [main] INFO : api.test.UserTests2 - ************User deleted***********
13:08:09.585 [main] INFO : api.test.UserTests2 - ************Reading deleted user***********
13:08:11.307 [main] INFO : api.test.UserTests2 - ************Deleted User confirmed***********
13:13:48.791 [main] INFO : api.test.UserTests2 - ************Creating User***********
13:13:51.584 [main] INFO : api.test.UserTests2 - ************User is created***********
13:13:51.591 [main] INFO : api.test.UserTests2 - ************Reading User Info***********
13:13:53.222 [main] INFO : api.test.UserTests2 - ************User Info is displayed***********
13:13:53.223 [main] INFO : api.test.UserTests2 - ************Updating User***********
13:13:54.821 [main] INFO : api.test.UserTests2 - ************User Updated***********
13:13:54.821 [main] INFO : api.test.UserTests2 - ************ Reading updated User***********
13:13:56.297 [main] INFO : api.test.UserTests2 - ************Updated User is displayed***********
13:13:56.300 [main] INFO : api.test.UserTests2 - ************Deleting User***********
13:13:57.777 [main] INFO : api.test.UserTests2 - ************User deleted***********
13:13:57.777 [main] INFO : api.test.UserTests2 - ************Reading deleted user***********
13:13:59.397 [main] INFO : api.test.UserTests2 - ************Deleted User confirmed***********
13:15:14.342 [main] INFO : api.test.UserTests2 - ************Creating User***********
13:15:17.037 [main] INFO : api.test.UserTests2 - ************User is created***********
13:15:17.044 [main] INFO : api.test.UserTests2 - ************Reading User Info***********
13:15:18.661 [main] INFO : api.test.UserTests2 - ************User Info is displayed***********
13:15:18.665 [main] INFO : api.test.UserTests2 - ************Updating User***********
13:15:20.260 [main] INFO : api.test.UserTests2 - ************User Updated***********
13:15:20.261 [main] INFO : api.test.UserTests2 - ************ Reading updated User***********
13:15:21.705 [main] INFO : api.test.UserTests2 - ************Updated User is displayed***********
13:15:21.710 [main] INFO : api.test.UserTests2 - ************Deleting User***********
13:15:23.139 [main] INFO : api.test.UserTests2 - ************User deleted***********
13:15:23.139 [main] INFO : api.test.UserTests2 - ************Reading deleted user***********
13:15:24.738 [main] INFO : api.test.UserTests2 - ************Deleted User confirmed***********
16:21:10.254 [main] INFO : api.test.UserTests2 - ************Creating User***********
16:21:14.398 [main] INFO : api.test.UserTests2 - ************User is created***********
16:21:14.417 [main] INFO : api.test.UserTests2 - ************Reading User Info***********
16:21:16.570 [main] INFO : api.test.UserTests2 - ************User Info is displayed***********
16:21:16.575 [main] INFO : api.test.UserTests2 - ************Updating User***********
16:21:18.226 [main] INFO : api.test.UserTests2 - ************User Updated***********
16:21:18.226 [main] INFO : api.test.UserTests2 - ************ Reading updated User***********
16:21:20.273 [main] INFO : api.test.UserTests2 - ************Updated User is displayed***********
16:21:20.277 [main] INFO : api.test.UserTests2 - ************Deleting User***********
16:21:21.907 [main] INFO : api.test.UserTests2 - ************User deleted***********
16:21:21.908 [main] INFO : api.test.UserTests2 - ************Reading deleted user***********
16:21:23.855 [main] INFO : api.test.UserTests2 - ************Deleted User confirmed***********
16:39:14.498 [main] INFO : api.test.UserTests2 - ************Creating User***********
16:39:18.924 [main] INFO : api.test.UserTests2 - ************User is created***********
16:39:18.932 [main] INFO : api.test.UserTests2 - ************Reading User Info***********
16:39:20.798 [main] INFO : api.test.UserTests2 - ************User Info is displayed***********
16:39:20.803 [main] INFO : api.test.UserTests2 - ************Updating User***********
16:39:22.640 [main] INFO : api.test.UserTests2 - ************User Updated***********
16:39:22.640 [main] INFO : api.test.UserTests2 - ************ Reading updated User***********
16:39:25.304 [main] INFO : api.test.UserTests2 - ************Updated User is displayed***********
16:39:25.308 [main] INFO : api.test.UserTests2 - ************Deleting User***********
16:39:26.913 [main] INFO : api.test.UserTests2 - ************User deleted***********
16:39:26.914 [main] INFO : api.test.UserTests2 - ************Reading deleted user***********
16:39:28.825 [main] INFO : api.test.UserTests2 - ************Deleted User confirmed***********
17:04:46.721 [main] INFO : api.test.UserTests2 - ************Creating User***********
17:04:50.319 [main] INFO : api.test.UserTests2 - ************User is created***********
17:04:50.329 [main] INFO : api.test.UserTests2 - ************Reading User Info***********
17:04:52.189 [main] INFO : api.test.UserTests2 - ************User Info is displayed***********
17:04:52.194 [main] INFO : api.test.UserTests2 - ************Updating User***********
17:04:54.034 [main] INFO : api.test.UserTests2 - ************User Updated***********
17:04:54.034 [main] INFO : api.test.UserTests2 - ************ Reading updated User***********
17:04:55.877 [main] INFO : api.test.UserTests2 - ************Updated User is displayed***********
17:04:55.880 [main] INFO : api.test.UserTests2 - ************Deleting User***********
17:04:57.618 [main] INFO : api.test.UserTests2 - ************User deleted***********
17:04:57.618 [main] INFO : api.test.UserTests2 - ************Reading deleted user***********
17:04:59.563 [main] INFO : api.test.UserTests2 - ************Deleted User confirmed***********
17:12:55.924 [main] INFO : api.test.UserTests2 - ************Creating User***********
17:12:59.595 [main] INFO : api.test.UserTests2 - ************User is created***********
17:12:59.605 [main] INFO : api.test.UserTests2 - ************Reading User Info***********
17:13:01.458 [main] INFO : api.test.UserTests2 - ************User Info is displayed***********
17:13:01.463 [main] INFO : api.test.UserTests2 - ************Updating User***********
17:13:03.400 [main] INFO : api.test.UserTests2 - ************User Updated***********
17:13:03.401 [main] INFO : api.test.UserTests2 - ************ Reading updated User***********
17:13:05.140 [main] INFO : api.test.UserTests2 - ************Updated User is displayed***********
17:13:05.144 [main] INFO : api.test.UserTests2 - ************Deleting User***********
17:13:07.087 [main] INFO : api.test.UserTests2 - ************User deleted***********
17:13:07.087 [main] INFO : api.test.UserTests2 - ************Reading deleted user***********
17:13:08.931 [main] INFO : api.test.UserTests2 - ************Deleted User confirmed***********
